Kernel heap initialized at 0xC0563000
======= MEMORY MAP =======
MEM: 2047 MB (0x7FFF0000 bytes)
--------------------------
Base addr: 00
Length: 09FC00
Type: FREE_MEMORY
--------------------------
Base addr: 9FC000
Length: 0400
Type: RESERVED
--------------------------
Base addr: F00000
Length: 010000
Type: RESERVED
--------------------------
Base addr: 1000000
Length: 07FEE0000
Type: FREE_MEMORY
--------------------------
Base addr: 7FFE00000
Length: 020000
Type: RESERVED
--------------------------
Base addr: FFFC00000
Length: 040000
Type: RESERVED
==========================
